0 info it worked if it ends with ok
1 verbose cli [ '/usr/local/bin/node',
1 verbose cli   '/usr/local/bin/npm',
1 verbose cli   'run',
1 verbose cli   'build-watch' ]
2 info using npm@3.10.3
3 info using node@v6.7.0
4 verbose run-script [ 'prebuild-watch', 'build-watch', 'postbuild-watch' ]
5 info lifecycle team_krushit@0.0.1~prebuild-watch: team_krushit@0.0.1
6 silly lifecycle team_krushit@0.0.1~prebuild-watch: no script for prebuild-watch, continuing
7 info lifecycle team_krushit@0.0.1~build-watch: team_krushit@0.0.1
8 verbose lifecycle team_krushit@0.0.1~build-watch: unsafe-perm in lifecycle true
9 verbose lifecycle team_krushit@0.0.1~build-watch: PATH: /usr/local/lib/node_modules/npm/bin/node-gyp-bin:/Users/Niz/Documents/team_krushit/node_modules/.bin:/usr/local/bin:/usr/local/bin:/usr/bin:/bin:/usr/sbin:/sbin:/Applications/Postgres.app/Contents/Versions/latest/bin
10 verbose lifecycle team_krushit@0.0.1~build-watch: CWD: /Users/Niz/Documents/team_krushit
11 silly lifecycle team_krushit@0.0.1~build-watch: Args: [ '-c', 'check-node-version --node \'>= 6.7.0\' && webpack -w' ]
12 silly lifecycle team_krushit@0.0.1~build-watch: Returned: code: 255  signal: null
13 info lifecycle team_krushit@0.0.1~build-watch: Failed to exec build-watch script
14 verbose stack Error: team_krushit@0.0.1 build-watch: `check-node-version --node '>= 6.7.0' && webpack -w`
14 verbose stack Exit status 255
14 verbose stack     at EventEmitter.<anonymous> (/usr/local/lib/node_modules/npm/lib/utils/lifecycle.js:242:16)
14 verbose stack     at emitTwo (events.js:106:13)
14 verbose stack     at EventEmitter.emit (events.js:191:7)
14 verbose stack     at ChildProcess.<anonymous> (/usr/local/lib/node_modules/npm/lib/utils/spawn.js:40:14)
14 verbose stack     at emitTwo (events.js:106:13)
14 verbose stack     at ChildProcess.emit (events.js:191:7)
14 verbose stack     at maybeClose (internal/child_process.js:877:16)
14 verbose stack     at Process.ChildProcess._handle.onexit (internal/child_process.js:226:5)
15 verbose pkgid team_krushit@0.0.1
16 verbose cwd /Users/Niz/Documents/team_krushit
17 error Darwin 15.6.0
18 error argv "/usr/local/bin/node" "/usr/local/bin/npm" "run" "build-watch"
19 error node v6.7.0
20 error npm  v3.10.3
21 error code ELIFECYCLE
22 error team_krushit@0.0.1 build-watch: `check-node-version --node '>= 6.7.0' && webpack -w`
22 error Exit status 255
23 error Failed at the team_krushit@0.0.1 build-watch script 'check-node-version --node '>= 6.7.0' && webpack -w'.
23 error Make sure you have the latest version of node.js and npm installed.
23 error If you do, this is most likely a problem with the team_krushit package,
23 error not with npm itself.
23 error Tell the author that this fails on your system:
23 error     check-node-version --node '>= 6.7.0' && webpack -w
23 error You can get information on how to open an issue for this project with:
23 error     npm bugs team_krushit
23 error Or if that isn't available, you can get their info via:
23 error     npm owner ls team_krushit
23 error There is likely additional logging output above.
24 verbose exit [ 1, true ]
